\BOOKMARK [1][-]{Doc-Start}{Copyright}{}% 1
\BOOKMARK [1][-]{Doc-Start}{Dedication}{}% 2
\BOOKMARK [1][-]{Doc-Start}{Quotation}{}% 3
\BOOKMARK [1][-]{Doc-Start}{Abstract}{}% 4
\BOOKMARK [1][-]{Doc-Start}{Acknowledgments}{}% 5
\BOOKMARK [1][-]{chapter*.1}{List of Figures}{}% 6
\BOOKMARK [1][-]{chapter*.2}{List of Tables}{}% 7
\BOOKMARK [1][-]{chapter*.3}{List of Symbols}{}% 8
\BOOKMARK [1][-]{table.0.1}{List of Physical Constants}{}% 9
\BOOKMARK [1][-]{table.0.2}{Conversion Factors}{}% 10
\BOOKMARK [1][-]{table.0.3}{Acronyms}{}% 11
\BOOKMARK [0][-]{chapter.1}{Chapter Title}{}% 12
\BOOKMARK [1][-]{section.1.1}{Section Title}{chapter.1}% 13
\BOOKMARK [0][-]{chapter.2}{Chapter Title}{}% 14
\BOOKMARK [1][-]{section.2.1}{Section Title}{chapter.2}% 15
\BOOKMARK [0][-]{chapter.3}{Chapter Title}{}% 16
\BOOKMARK [1][-]{section.3.1}{Section Title}{chapter.3}% 17
\BOOKMARK [0][-]{chapter.4}{Chapter Title}{}% 18
\BOOKMARK [1][-]{section.4.1}{Section Title}{chapter.4}% 19
\BOOKMARK [0][-]{chapter*.9}{References}{}% 20
