This is pdfTeX, Version 3.14159265-2.6-1.40.15 (TeX Live 2014/W32TeX) (preloaded format=pdflatex 2014.11.6)  15 SEP 2016 13:06
entering extended mode
 restricted \write18 enabled.
 %&-line parsing enabled.
**quotes.tex
(./quotes.tex
LaTeX2e <2014/05/01>
Babel <3.9l> and hyphenation patterns for 79 languages loaded.
(c:/texlive/2014/texmf-dist/tex/latex/base/report.cls
Document Class: report 2014/09/29 v1.4h Standard LaTeX document class
(c:/texlive/2014/texmf-dist/tex/latex/base/size10.clo
File: size10.clo 2014/09/29 v1.4h Standard LaTeX file (size option)
)
\c@part=\count79
\c@chapter=\count80
\c@section=\count81
\c@subsection=\count82
\c@subsubsection=\count83
\c@paragraph=\count84
\c@subparagraph=\count85
\c@figure=\count86
\c@table=\count87
\abovecaptionskip=\skip41
\belowcaptionskip=\skip42
\bibindent=\dimen102
)
(c:/texlive/2014/texmf-dist/tex/latex/epigraph/epigraph.sty
Package: epigraph 2009/09/02 v1.5c typesetting epigraphs
\beforeepigraphskip=\skip43
\afterepigraphskip=\skip44
\epigraphwidth=\skip45
\epigraphrule=\skip46
)
(c:/texlive/2014/texmf-dist/tex/latex/etoolbox/etoolbox.sty
Package: etoolbox 2011/01/03 v2.1 e-TeX tools for LaTeX

(c:/texlive/2014/texmf-dist/tex/latex/etex-pkg/etex.sty
Package: etex 1998/03/26 v2.0 eTeX basic definition package (PEB)
\et@xins=\count88
)
\etb@tempcnta=\count89
) (./quotes.aux)
\openout1 = `quotes.aux'.

LaTeX Font Info:    Checking defaults for OML/cmm/m/it on input line 14.
LaTeX Font Info:    ... okay on input line 14.
LaTeX Font Info:    Checking defaults for T1/cmr/m/n on input line 14.
LaTeX Font Info:    ... okay on input line 14.
LaTeX Font Info:    Checking defaults for OT1/cmr/m/n on input line 14.
LaTeX Font Info:    ... okay on input line 14.
LaTeX Font Info:    Checking defaults for OMS/cmsy/m/n on input line 14.
LaTeX Font Info:    ... okay on input line 14.
LaTeX Font Info:    Checking defaults for OMX/cmex/m/n on input line 14.
LaTeX Font Info:    ... okay on input line 14.
LaTeX Font Info:    Checking defaults for U/cmr/m/n on input line 14.
LaTeX Font Info:    ... okay on input line 14.
LaTeX Font Info:    External font `cmex10' loaded for size
(Font)              <9> on input line 17.
LaTeX Font Info:    External font `cmex10' loaded for size
(Font)              <6> on input line 17.
LaTeX Font Info:    External font `cmex10' loaded for size
(Font)              <5> on input line 17.

Overfull \hbox (24.88582pt too wide) in paragraph at lines 17--17
 []$
 []


Overfull \hbox (24.88582pt too wide) in paragraph at lines 19--19
 []$
 []


Overfull \hbox (24.88582pt too wide) in paragraph at lines 21--21
 []$
 []

Missing character: There is no â in font cmti9!
Missing character: There is no € in font cmti9!
Missing character: There is no ” in font cmti9!
Missing character: There is no â in font cmti9!
Missing character: There is no € in font cmti9!
Missing character: There is no ” in font cmti9!

Overfull \hbox (24.88582pt too wide) in paragraph at lines 24--24
 []$
 []


Overfull \hbox (24.88582pt too wide) in paragraph at lines 26--26
 []$
 []

Missing character: There is no â in font cmti9!
Missing character: There is no € in font cmti9!
Missing character: There is no ” in font cmti9!

Overfull \hbox (24.88582pt too wide) in paragraph at lines 28--28
 []$
 []


Overfull \hbox (24.88582pt too wide) in paragraph at lines 30--30
 []$
 []


Overfull \hbox (24.88582pt too wide) in paragraph at lines 32--32
 []$
 []


Overfull \hbox (24.88582pt too wide) in paragraph at lines 34--34
 []$
 []

[1

{c:/texlive/2014/texmf-var/fonts/map/pdftex/updmap/pdftex.map}]
Overfull \hbox (24.88582pt too wide) in paragraph at lines 36--36
 []$
 []


Overfull \hbox (24.88582pt too wide) in paragraph at lines 38--38
 []$
 []


Overfull \hbox (24.88582pt too wide) in paragraph at lines 40--40
 []$
 []


Overfull \hbox (24.88582pt too wide) in paragraph at lines 42--42
 []$
 []


Overfull \hbox (24.88582pt too wide) in paragraph at lines 44--44
 []$
 []


! LaTeX Error: There's no line here to end.

See the LaTeX manual or LaTeX Companion for explanation.
Type  H <return>  for immediate help.
 ...                                              
                                                  
l.65 ..."}{--- \textup{Charles Bukowski}, Excuses}
                                                  
? 

Overfull \hbox (24.88582pt too wide) in paragraph at lines 65--65
 []$
 []

[2] [3] (./quotes.aux) ) 
Here is how much of TeX's memory you used:
 637 strings out of 493109
 7290 string characters out of 6138587
 70973 words of memory out of 5000000
 4168 multiletter control sequences out of 15000+600000
 5808 words of font info for 21 fonts, out of 8000000 for 9000
 1141 hyphenation exceptions out of 8191
 23i,5n,20p,808b,270s stack positions out of 5000i,500n,10000p,200000b,80000s
<c:/texlive/2014/texmf-dist/fonts/type1/public/amsfonts
/cm/cmr10.pfb><c:/texlive/2014/texmf-dist/fonts/type1/public/amsfonts/cm/cmr9.p
fb><c:/texlive/2014/texmf-dist/fonts/type1/public/amsfonts/cm/cmti9.pfb>
Output written on quotes.pdf (3 pages, 53993 bytes).
PDF statistics:
 26 PDF objects out of 1000 (max. 8388607)
 17 compressed objects within 1 object stream
 0 named destinations out of 1000 (max. 500000)
 1 words of extra memory for PDF output out of 10000 (max. 10000000)

