.
|-- README.md
|-- TODO.md
|-- announcement
|   |-- announcement.pdf
|   |-- announcement.tex
|   |-- clean
|   |-- mk
|   `-- veryclean
|-- backmatter
|   `-- autobio.tex
|-- chapters
|   |-- chapter1
|   |   |-- chap1.aux
|   |   `-- chap1.tex
|   |-- chapter2
|   |   |-- chap2.aux
|   |   `-- chap2.tex
|   |-- chapter3
|   |   |-- chap3.aux
|   |   `-- chap3.tex
|   `-- chapter4
|       |-- chap4.aux
|       `-- chap4.tex
|-- clean
|-- data
|-- drafts
|-- figs
|   |-- chap1
|   |-- chap2
|   |-- chap3
|   |-- chap4
|   `-- templates
|       |-- sidebyside.tex
|       |-- subfig_captions.tex
|       `-- subfigure.tex
|-- frontmatter
|   |-- lists
|   |   |-- acronyms.aux
|   |   |-- acronyms.tex
|   |   |-- constants.aux
|   |   |-- constants.tex
|   |   |-- conversions.aux
|   |   |-- conversions.tex
|   |   |-- symbols.aux
|   |   `-- symbols.tex
|   |-- prelims
|   |   |-- abstract.aux
|   |   |-- abstract.tex
|   |   |-- copyright.aux
|   |   |-- copyright.tex
|   |   |-- quotation.aux
|   |   |-- quotation.tex
|   |   |-- title.aux
|   |   `-- title.tex
|   `-- thanks
|       |-- acknowledgements.aux
|       |-- acknowledgements.tex
|       |-- dedication.aux
|       `-- dedication.tex
|-- logs
|   `-- file_tree.log
|-- macros
|   `-- macros_custom.sty
|-- main.aux
|-- main.bbl
|-- main.blg
|-- main.lof
|-- main.log
|-- main.lot
|-- main.pdf
|-- main.synctex.gz
|-- main.tex
|-- main.toc
|-- mk
|-- notes
|-- old
|-- outline
|   |-- chapters
|   |   |-- chap1
|   |   |   |-- chap1_overview.pdf
|   |   |   |-- chap1_overview.tex
|   |   |   |-- clean
|   |   |   |-- mk
|   |   |   `-- veryclean
|   |   |-- chap2
|   |   |   |-- chap2_overview.pdf
|   |   |   |-- chap2_overview.tex
|   |   |   |-- clean
|   |   |   |-- mk
|   |   |   `-- veryclean
|   |   |-- chap3
|   |   |   |-- chap3_overview.pdf
|   |   |   |-- chap3_overview.tex
|   |   |   |-- clean
|   |   |   |-- mk
|   |   |   `-- veryclean
|   |   `-- chap4
|   |       |-- chap4_overview.pdf
|   |       |-- chap4_overview.tex
|   |       |-- clean
|   |       |-- mk
|   |       `-- veryclean
|   `-- template
|       `-- overview.tex
|-- quotes
|   `-- quotes.tex
|-- refs
|   |-- database.bib
|   `-- database_prospectus.bib
|-- scripts
|   |-- clean
|   |-- clean_old
|   |-- mk
|   |-- togithub
|   |-- tree-md
|   `-- veryclean
|-- tables
|   |-- chap1
|   |-- chap2
|   |-- chap3
|   |-- chap4
|   |-- refpdfs
|   |   |-- booktabs.pdf
|   |   `-- guide-tables.pdf
|   `-- templates
|       |-- table_multiline.tex
|       `-- table_simple.tex
|-- talk
|   |-- beamer
|   |-- beamertemplate
|   |   |-- clean
|   |   |-- figs
|   |   |   `-- wsu_logo.jpg
|   |   |-- mk
|   |   |-- slides.nav
|   |   |-- slides.out
|   |   |-- slides.pdf
|   |   |-- slides.snm
|   |   |-- slides.tex
|   |   `-- veryclean
|   `-- ppt
|       `-- powerpoint.pptx
|-- togithub
`-- veryclean

45 directories, 99 files
